<html>
<head>
<title>TestNG:  Regression suite 1</title>
<link href="../testng.css" rel="stylesheet" type="text/css" />
<link href="../my-testng.css" rel="stylesheet" type="text/css" />

<style type="text/css">
.log { display: none;} 
.stack-trace { display: none;} 
</style>
<script type="text/javascript">
<!--
function flip(e) {
  current = e.style.display;
  if (current == 'block') {
    e.style.display = 'none';
    return 0;
  }
  else {
    e.style.display = 'block';
    return 1;
  }
}

function toggleBox(szDivId, elem, msg1, msg2)
{
  var res = -1;  if (document.getElementById) {
    res = flip(document.getElementById(szDivId));
  }
  else if (document.all) {
    // this is the way old msie versions work
    res = flip(document.all[szDivId]);
  }
  if(elem) {
    if(res == 0) elem.innerHTML = msg1; else elem.innerHTML = msg2;
  }

}

function toggleAllBoxes() {
  if (document.getElementsByTagName) {
    d = document.getElementsByTagName('div');
    for (i = 0; i < d.length; i++) {
      if (d[i].className == 'log') {
        flip(d[i]);
      }
    }
  }
}

// -->
</script>

</head>
<body>
<h2 align='center'>Regression suite 1</h2><table border='1' align="center">
<tr>
<td>Tests passed/Failed/Skipped:</td><td>22/3/2</td>
</tr><tr>
<td>Started on:</td><td>Fri May 17 21:29:52 IST 2024</td>
</tr>
<tr><td>Total time:</td><td>0 seconds (404 ms)</td>
</tr><tr>
<td>Included groups:</td><td></td>
</tr><tr>
<td>Excluded groups:</td><td></td>
</tr>
</table><p/>
<small><i>(Hover the method name to see the test class name)</i></small><p/>
<table width='100%' border='1' class='invocation-failed'>
<tr><td colspan='4' align='center'><b>FAILED TESTS</b></td></tr>
<tr><td><b>Test method</b></td>
<td width="30%"><b>Exception</b></td>
<td width="10%"><b>Time (seconds)</b></td>
<td><b>Instance</b></td>
</tr>
<tr>
<td title='testingNgDemo1.TestNgDemo4.funB()'><b>funB</b><br>Test class: testingNgDemo1.TestNgDemo4</td>
<td><div><pre>java.lang.ArithmeticException: / by zero
	at testingNgDemo1.TestNgDemo4.funB(TestNgDemo4.java:20)
... Removed 24 stack frames</pre></div><a href='#' onClick='toggleBox("stack-trace703504298", this, "Click to show all stack frames", "Click to hide stack frames")'>Click to show all stack frames</a>
<div class='stack-trace' id='stack-trace703504298'><pre>java.lang.ArithmeticException: / by zero
	at testingNgDemo1.TestNgDemo4.funB(TestNgDemo4.java:20)
	at sun.reflect.NativeMethodAccessorImpl.invoke0(Native Method)
	at sun.reflect.NativeMethodAccessorImpl.invoke(Unknown Source)
	at sun.reflect.DelegatingMethodAccessorImpl.invoke(Unknown Source)
	at java.lang.reflect.Method.invoke(Unknown Source)
	at org.testng.internal.MethodInvocationHelper.invokeMethod(MethodInvocationHelper.java:85)
	at org.testng.internal.Invoker.invokeMethod(Invoker.java:663)
	at org.testng.internal.Invoker.invokeTestMethod(Invoker.java:849)
	at org.testng.internal.Invoker.invokeTestMethods(Invoker.java:1157)
	at org.testng.internal.TestMethodWorker.invokeTestMethods(TestMethodWorker.java:124)
	at org.testng.internal.TestMethodWorker.run(TestMethodWorker.java:108)
	at org.testng.TestRunner.privateRun(TestRunner.java:771)
	at org.testng.TestRunner.run(TestRunner.java:621)
	at org.testng.SuiteRunner.runTest(SuiteRunner.java:357)
	at org.testng.SuiteRunner.runSequentially(SuiteRunner.java:352)
	at org.testng.SuiteRunner.privateRun(SuiteRunner.java:310)
	at org.testng.SuiteRunner.run(SuiteRunner.java:259)
	at org.testng.SuiteRunnerWorker.runSuite(SuiteRunnerWorker.java:52)
	at org.testng.SuiteRunnerWorker.run(SuiteRunnerWorker.java:86)
	at org.testng.TestNG.runSuitesSequentially(TestNG.java:1200)
	at org.testng.TestNG.runSuitesLocally(TestNG.java:1125)
	at org.testng.TestNG.run(TestNG.java:1033)
	at org.testng.remote.RemoteTestNG.run(RemoteTestNG.java:111)
	at org.testng.remote.RemoteTestNG.initAndRun(RemoteTestNG.java:204)
	at org.testng.remote.RemoteTestNG.main(RemoteTestNG.java:175)
</pre></div></td>
<td>0</td>
<td>testingNgDemo1.TestNgDemo4@66d33a</td></tr>
<tr>
<td title='testingNgDemo1.TestNgDemo5.loginTest()'><b>loginTest</b><br>Test class: testingNgDemo1.TestNgDemo5</td>
<td><div><pre>java.lang.ArithmeticException: / by zero
	at testingNgDemo1.TestNgDemo5.loginTest(TestNgDemo5.java:10)
... Removed 24 stack frames</pre></div><a href='#' onClick='toggleBox("stack-trace644166178", this, "Click to show all stack frames", "Click to hide stack frames")'>Click to show all stack frames</a>
<div class='stack-trace' id='stack-trace644166178'><pre>java.lang.ArithmeticException: / by zero
	at testingNgDemo1.TestNgDemo5.loginTest(TestNgDemo5.java:10)
	at sun.reflect.NativeMethodAccessorImpl.invoke0(Native Method)
	at sun.reflect.NativeMethodAccessorImpl.invoke(Unknown Source)
	at sun.reflect.DelegatingMethodAccessorImpl.invoke(Unknown Source)
	at java.lang.reflect.Method.invoke(Unknown Source)
	at org.testng.internal.MethodInvocationHelper.invokeMethod(MethodInvocationHelper.java:85)
	at org.testng.internal.Invoker.invokeMethod(Invoker.java:663)
	at org.testng.internal.Invoker.invokeTestMethod(Invoker.java:849)
	at org.testng.internal.Invoker.invokeTestMethods(Invoker.java:1157)
	at org.testng.internal.TestMethodWorker.invokeTestMethods(TestMethodWorker.java:124)
	at org.testng.internal.TestMethodWorker.run(TestMethodWorker.java:108)
	at org.testng.TestRunner.privateRun(TestRunner.java:771)
	at org.testng.TestRunner.run(TestRunner.java:621)
	at org.testng.SuiteRunner.runTest(SuiteRunner.java:357)
	at org.testng.SuiteRunner.runSequentially(SuiteRunner.java:352)
	at org.testng.SuiteRunner.privateRun(SuiteRunner.java:310)
	at org.testng.SuiteRunner.run(SuiteRunner.java:259)
	at org.testng.SuiteRunnerWorker.runSuite(SuiteRunnerWorker.java:52)
	at org.testng.SuiteRunnerWorker.run(SuiteRunnerWorker.java:86)
	at org.testng.TestNG.runSuitesSequentially(TestNG.java:1200)
	at org.testng.TestNG.runSuitesLocally(TestNG.java:1125)
	at org.testng.TestNG.run(TestNG.java:1033)
	at org.testng.remote.RemoteTestNG.run(RemoteTestNG.java:111)
	at org.testng.remote.RemoteTestNG.initAndRun(RemoteTestNG.java:204)
	at org.testng.remote.RemoteTestNG.main(RemoteTestNG.java:175)
</pre></div></td>
<td>0</td>
<td>testingNgDemo1.TestNgDemo5@7cf10a6f</td></tr>
<tr>
<td title='testingNgDemo1.TestNgDemo5A.loginTest()'><b>loginTest</b><br>Test class: testingNgDemo1.TestNgDemo5A</td>
<td><div><pre>java.lang.ArithmeticException: / by zero
	at testingNgDemo1.TestNgDemo5A.loginTest(TestNgDemo5A.java:10)
... Removed 24 stack frames</pre></div><a href='#' onClick='toggleBox("stack-trace1615780336", this, "Click to show all stack frames", "Click to hide stack frames")'>Click to show all stack frames</a>
<div class='stack-trace' id='stack-trace1615780336'><pre>java.lang.ArithmeticException: / by zero
	at testingNgDemo1.TestNgDemo5A.loginTest(TestNgDemo5A.java:10)
	at sun.reflect.NativeMethodAccessorImpl.invoke0(Native Method)
	at sun.reflect.NativeMethodAccessorImpl.invoke(Unknown Source)
	at sun.reflect.DelegatingMethodAccessorImpl.invoke(Unknown Source)
	at java.lang.reflect.Method.invoke(Unknown Source)
	at org.testng.internal.MethodInvocationHelper.invokeMethod(MethodInvocationHelper.java:85)
	at org.testng.internal.Invoker.invokeMethod(Invoker.java:663)
	at org.testng.internal.Invoker.invokeTestMethod(Invoker.java:849)
	at org.testng.internal.Invoker.invokeTestMethods(Invoker.java:1157)
	at org.testng.internal.TestMethodWorker.invokeTestMethods(TestMethodWorker.java:124)
	at org.testng.internal.TestMethodWorker.run(TestMethodWorker.java:108)
	at org.testng.TestRunner.privateRun(TestRunner.java:771)
	at org.testng.TestRunner.run(TestRunner.java:621)
	at org.testng.SuiteRunner.runTest(SuiteRunner.java:357)
	at org.testng.SuiteRunner.runSequentially(SuiteRunner.java:352)
	at org.testng.SuiteRunner.privateRun(SuiteRunner.java:310)
	at org.testng.SuiteRunner.run(SuiteRunner.java:259)
	at org.testng.SuiteRunnerWorker.runSuite(SuiteRunnerWorker.java:52)
	at org.testng.SuiteRunnerWorker.run(SuiteRunnerWorker.java:86)
	at org.testng.TestNG.runSuitesSequentially(TestNG.java:1200)
	at org.testng.TestNG.runSuitesLocally(TestNG.java:1125)
	at org.testng.TestNG.run(TestNG.java:1033)
	at org.testng.remote.RemoteTestNG.run(RemoteTestNG.java:111)
	at org.testng.remote.RemoteTestNG.initAndRun(RemoteTestNG.java:204)
	at org.testng.remote.RemoteTestNG.main(RemoteTestNG.java:175)
</pre></div></td>
<td>0</td>
<td>testingNgDemo1.TestNgDemo5A@7e0babb1</td></tr>
</table><p>
<table width='100%' border='1' class='invocation-passed'>
<tr><td colspan='4' align='center'><b>PASSED TESTS</b></td></tr>
<tr><td><b>Test method</b></td>
<td width="30%"><b>Exception</b></td>
<td width="10%"><b>Time (seconds)</b></td>
<td><b>Instance</b></td>
</tr>
<tr>
<td title='testingNgDemo1.TestNgDemo5.customerDetails()'><b>customerDetails</b><br>Test class: testingNgDemo1.TestNgDemo5</td>
<td></td>
<td>0</td>
<td>testingNgDemo1.TestNgDemo5@7cf10a6f</td></tr>
<tr>
<td title='testingNgDemo1.TestNgDemo5B.customerDetails()'><b>customerDetails</b><br>Test class: testingNgDemo1.TestNgDemo5B</td>
<td></td>
<td>0</td>
<td>testingNgDemo1.TestNgDemo5B@6debcae2</td></tr>
<tr>
<td title='testingNgDemo1.TestNgXMLDemo1.f()'><b>f</b><br>Test class: testingNgDemo1.TestNgXMLDemo1</td>
<td></td>
<td>0</td>
<td>testingNgDemo1.TestNgXMLDemo1@2ff4f00f</td></tr>
<tr>
<td title='testingNgDemo1.testingNgDemo1.funA()'><b>funA</b><br>Test class: testingNgDemo1.testingNgDemo1</td>
<td></td>
<td>0</td>
<td>testingNgDemo1.testingNgDemo1@256216b3</td></tr>
<tr>
<td title='testingNgDemo1.TestNgArifDemo1.funA()'><b>funA</b><br>Test class: testingNgDemo1.TestNgArifDemo1</td>
<td></td>
<td>0</td>
<td>testingNgDemo1.TestNgArifDemo1@5e025e70</td></tr>
<tr>
<td title='testingNgDemo1.TestNgDemo1.funA()'><b>funA</b><br>Test class: testingNgDemo1.TestNgDemo1</td>
<td></td>
<td>0</td>
<td>testingNgDemo1.TestNgDemo1@1fbc7afb</td></tr>
<tr>
<td title='testingNgDemo1.TestNgDemo2.funA()'><b>funA</b><br>Test class: testingNgDemo1.TestNgDemo2</td>
<td></td>
<td>0</td>
<td>testingNgDemo1.TestNgDemo2@45c8e616</td></tr>
<tr>
<td title='testingNgDemo1.TestNgDemo3.funA()'><b>funA</b><br>Test class: testingNgDemo1.TestNgDemo3</td>
<td></td>
<td>0</td>
<td>testingNgDemo1.TestNgDemo3@4cdbe50f</td></tr>
<tr>
<td title='testingNgDemo1.TestNgDemo4.funA()'><b>funA</b><br>Test class: testingNgDemo1.TestNgDemo4</td>
<td></td>
<td>0</td>
<td>testingNgDemo1.TestNgDemo4@66d33a</td></tr>
<tr>
<td title='testingNgDemo1.TestNgGroupsDemo1.funA()'><b>funA</b><br>Test class: testingNgDemo1.TestNgGroupsDemo1</td>
<td></td>
<td>0</td>
<td>testingNgDemo1.TestNgGroupsDemo1@5ba23b66</td></tr>
<tr>
<td title='testingNgDemo1.TestNgArifDemo1.funB()'><b>funB</b><br>Test class: testingNgDemo1.TestNgArifDemo1</td>
<td></td>
<td>0</td>
<td>testingNgDemo1.TestNgArifDemo1@5e025e70</td></tr>
<tr>
<td title='testingNgDemo1.TestNgDemo1.funB()'><b>funB</b><br>Test class: testingNgDemo1.TestNgDemo1</td>
<td></td>
<td>0</td>
<td>testingNgDemo1.TestNgDemo1@1fbc7afb</td></tr>
<tr>
<td title='testingNgDemo1.TestNgDemo3.funB()'><b>funB</b><br>Test class: testingNgDemo1.TestNgDemo3</td>
<td></td>
<td>0</td>
<td>testingNgDemo1.TestNgDemo3@4cdbe50f</td></tr>
<tr>
<td title='testingNgDemo1.TestNgGroupsDemo1.funB()'><b>funB</b><br>Test class: testingNgDemo1.TestNgGroupsDemo1</td>
<td></td>
<td>0</td>
<td>testingNgDemo1.TestNgGroupsDemo1@5ba23b66</td></tr>
<tr>
<td title='testingNgDemo1.TestNgArifDemo1.funC()'><b>funC</b><br>Test class: testingNgDemo1.TestNgArifDemo1</td>
<td></td>
<td>0</td>
<td>testingNgDemo1.TestNgArifDemo1@5e025e70</td></tr>
<tr>
<td title='testingNgDemo1.TestNgDemo1.funC()'><b>funC</b><br>Test class: testingNgDemo1.TestNgDemo1</td>
<td></td>
<td>0</td>
<td>testingNgDemo1.TestNgDemo1@1fbc7afb</td></tr>
<tr>
<td title='testingNgDemo1.TestNgDemo3.funC()'><b>funC</b><br>Test class: testingNgDemo1.TestNgDemo3</td>
<td></td>
<td>0</td>
<td>testingNgDemo1.TestNgDemo3@4cdbe50f</td></tr>
<tr>
<td title='testingNgDemo1.TestNgGroupsDemo1.funC()'><b>funC</b><br>Test class: testingNgDemo1.TestNgGroupsDemo1</td>
<td></td>
<td>0</td>
<td>testingNgDemo1.TestNgGroupsDemo1@5ba23b66</td></tr>
<tr>
<td title='testingNgDemo1.TestNgDemo1.funD()'><b>funD</b><br>Test class: testingNgDemo1.TestNgDemo1</td>
<td></td>
<td>0</td>
<td>testingNgDemo1.TestNgDemo1@1fbc7afb</td></tr>
<tr>
<td title='testingNgDemo1.TestNgDemo3.funD()'><b>funD</b><br>Test class: testingNgDemo1.TestNgDemo3</td>
<td></td>
<td>0</td>
<td>testingNgDemo1.TestNgDemo3@4cdbe50f</td></tr>
<tr>
<td title='testingNgDemo1.TestNgGroupsDemo1.funD()'><b>funD</b><br>Test class: testingNgDemo1.TestNgGroupsDemo1</td>
<td></td>
<td>0</td>
<td>testingNgDemo1.TestNgGroupsDemo1@5ba23b66</td></tr>
<tr>
<td title='testingNgDemo1.TestNgDemo5B.loginTest()'><b>loginTest</b><br>Test class: testingNgDemo1.TestNgDemo5B</td>
<td></td>
<td>0</td>
<td>testingNgDemo1.TestNgDemo5B@6debcae2</td></tr>
</table><p>
<table width='100%' border='1' class='invocation-skipped'>
<tr><td colspan='4' align='center'><b>SKIPPED TESTS</b></td></tr>
<tr><td><b>Test method</b></td>
<td width="30%"><b>Exception</b></td>
<td width="10%"><b>Time (seconds)</b></td>
<td><b>Instance</b></td>
</tr>
<tr>
<td title='testingNgDemo1.TestNgDemo5A.customerDetails()'><b>customerDetails</b><br>Test class: testingNgDemo1.TestNgDemo5A</td>
<td><div><pre>java.lang.Throwable: Method TestNgDemo5A.customerDetails()[pri:0, instance:testingNgDemo1.TestNgDemo5A@7e0babb1] depends on not successfully finished methods
... Removed 17 stack frames</pre></div><a href='#' onClick='toggleBox("stack-trace1620303253", this, "Click to show all stack frames", "Click to hide stack frames")'>Click to show all stack frames</a>
<div class='stack-trace' id='stack-trace1620303253'><pre>java.lang.Throwable: Method TestNgDemo5A.customerDetails()[pri:0, instance:testingNgDemo1.TestNgDemo5A@7e0babb1] depends on not successfully finished methods
	at org.testng.internal.Invoker.invokeTestMethods(Invoker.java:1067)
	at org.testng.internal.TestMethodWorker.invokeTestMethods(TestMethodWorker.java:124)
	at org.testng.internal.TestMethodWorker.run(TestMethodWorker.java:108)
	at org.testng.TestRunner.privateRun(TestRunner.java:771)
	at org.testng.TestRunner.run(TestRunner.java:621)
	at org.testng.SuiteRunner.runTest(SuiteRunner.java:357)
	at org.testng.SuiteRunner.runSequentially(SuiteRunner.java:352)
	at org.testng.SuiteRunner.privateRun(SuiteRunner.java:310)
	at org.testng.SuiteRunner.run(SuiteRunner.java:259)
	at org.testng.SuiteRunnerWorker.runSuite(SuiteRunnerWorker.java:52)
	at org.testng.SuiteRunnerWorker.run(SuiteRunnerWorker.java:86)
	at org.testng.TestNG.runSuitesSequentially(TestNG.java:1200)
	at org.testng.TestNG.runSuitesLocally(TestNG.java:1125)
	at org.testng.TestNG.run(TestNG.java:1033)
	at org.testng.remote.RemoteTestNG.run(RemoteTestNG.java:111)
	at org.testng.remote.RemoteTestNG.initAndRun(RemoteTestNG.java:204)
	at org.testng.remote.RemoteTestNG.main(RemoteTestNG.java:175)
</pre></div></td>
<td>0</td>
<td>null</td></tr>
<tr>
<td title='testingNgDemo1.TestNgDemo4.funC()'><b>funC</b><br>Test class: testingNgDemo1.TestNgDemo4</td>
<td><div><pre>org.testng.SkipException: Func skipped
	at testingNgDemo1.TestNgDemo4.funC(TestNgDemo4.java:27)
... Removed 24 stack frames</pre></div><a href='#' onClick='toggleBox("stack-trace731395981", this, "Click to show all stack frames", "Click to hide stack frames")'>Click to show all stack frames</a>
<div class='stack-trace' id='stack-trace731395981'><pre>org.testng.SkipException: Func skipped
	at testingNgDemo1.TestNgDemo4.funC(TestNgDemo4.java:27)
	at sun.reflect.NativeMethodAccessorImpl.invoke0(Native Method)
	at sun.reflect.NativeMethodAccessorImpl.invoke(Unknown Source)
	at sun.reflect.DelegatingMethodAccessorImpl.invoke(Unknown Source)
	at java.lang.reflect.Method.invoke(Unknown Source)
	at org.testng.internal.MethodInvocationHelper.invokeMethod(MethodInvocationHelper.java:85)
	at org.testng.internal.Invoker.invokeMethod(Invoker.java:663)
	at org.testng.internal.Invoker.invokeTestMethod(Invoker.java:849)
	at org.testng.internal.Invoker.invokeTestMethods(Invoker.java:1157)
	at org.testng.internal.TestMethodWorker.invokeTestMethods(TestMethodWorker.java:124)
	at org.testng.internal.TestMethodWorker.run(TestMethodWorker.java:108)
	at org.testng.TestRunner.privateRun(TestRunner.java:771)
	at org.testng.TestRunner.run(TestRunner.java:621)
	at org.testng.SuiteRunner.runTest(SuiteRunner.java:357)
	at org.testng.SuiteRunner.runSequentially(SuiteRunner.java:352)
	at org.testng.SuiteRunner.privateRun(SuiteRunner.java:310)
	at org.testng.SuiteRunner.run(SuiteRunner.java:259)
	at org.testng.SuiteRunnerWorker.runSuite(SuiteRunnerWorker.java:52)
	at org.testng.SuiteRunnerWorker.run(SuiteRunnerWorker.java:86)
	at org.testng.TestNG.runSuitesSequentially(TestNG.java:1200)
	at org.testng.TestNG.runSuitesLocally(TestNG.java:1125)
	at org.testng.TestNG.run(TestNG.java:1033)
	at org.testng.remote.RemoteTestNG.run(RemoteTestNG.java:111)
	at org.testng.remote.RemoteTestNG.initAndRun(RemoteTestNG.java:204)
	at org.testng.remote.RemoteTestNG.main(RemoteTestNG.java:175)
</pre></div></td>
<td>0</td>
<td>testingNgDemo1.TestNgDemo4@66d33a</td></tr>
</table><p>
</body>
</html>